<?xml version="1.0" encoding="UTF-8"?>
<!-- Generated by org.testng.reporters.JUnitReportReporter -->
<testsuite skipped="0" hostname="CDC2-D-CH9SXJ2" name="SeleniumFirst.Selenium19.DataDriven" tests="1" failures="0" timestamp="2019-09-20T15:41:08 IST" time="10.484" errors="0">
  <testcase name="login" time="10.484" classname="SeleniumFirst.Selenium19.DataDriven"/>
</testsuite> <!-- SeleniumFirst.Selenium19.DataDriven -->
