<?xml version="1.0" encoding="UTF-8"?>
<!-- Generated by org.testng.reporters.JUnitReportReporter -->
<testsuite skipped="0" hostname="CDC2-D-CH9SXJ2" name="SeleniumFirst.Selenium19.Findelement$NewTest" tests="1" failures="0" timestamp="2019-09-19T15:16:14 IST" time="8.623" errors="0">
  <testcase name="doLogin" time="8.623" classname="SeleniumFirst.Selenium19.Findelement$NewTest"/>
</testsuite> <!-- SeleniumFirst.Selenium19.Findelement$NewTest -->
