<?xml version="1.0" encoding="UTF-8"?>
<!-- Generated by org.testng.reporters.JUnitReportReporter -->
<testsuite skipped="0" hostname="CDC2-D-CH9SXJ2" name="SeleniumFirst.Selenium19.NewTest1" tests="1" failures="0" timestamp="2019-09-20T11:04:37 IST" time="3.131" errors="0">
  <testcase name="handleAlert" time="3.131" classname="SeleniumFirst.Selenium19.NewTest1"/>
</testsuite> <!-- SeleniumFirst.Selenium19.NewTest1 -->
