<?xml version="1.0" encoding="UTF-8"?>
<!-- Generated by org.testng.reporters.JUnitReportReporter -->
<testsuite skipped="0" hostname="CDC2-D-CH9SXJ2" name="SeleniumFirst.Selenium19.WindowSep20" tests="1" failures="0" timestamp="2019-09-20T11:58:55 IST" time="3.534" errors="0">
  <testcase name="TestPopUp" time="3.534" classname="SeleniumFirst.Selenium19.WindowSep20"/>
</testsuite> <!-- SeleniumFirst.Selenium19.WindowSep20 -->
