<?xml version="1.0" encoding="UTF-8"?>
<!-- Generated by org.testng.reporters.JUnitReportReporter -->
<testsuite skipped="0" hostname="CDC2-D-CH9SXJ2" name="SeleniumFirst.Selenium19.Actions20" tests="2" failures="0" timestamp="2019-09-20T17:09:09 IST" time="0.400" errors="0">
  <testcase name="f" time="0.164" classname="SeleniumFirst.Selenium19.Actions20"/>
  <testcase name="f1" time="0.236" classname="SeleniumFirst.Selenium19.Actions20"/>
</testsuite> <!-- SeleniumFirst.Selenium19.Actions20 -->
