<?xml version="1.0" encoding="UTF-8"?>
<!-- Generated by org.testng.reporters.JUnitReportReporter -->
<testsuite skipped="0" hostname="CDC2-D-CH9SXJ2" name="SeleniumFirst.Selenium19.Sep20sec" tests="1" failures="0" timestamp="2019-10-01T14:32:49 IST" time="0.263" errors="0">
  <testcase name="frames" time="0.263" classname="SeleniumFirst.Selenium19.Sep20sec"/>
</testsuite> <!-- SeleniumFirst.Selenium19.Sep20sec -->
